13:01:40.343 [main] INFO  com.testCases.BaseClass - URL Loaded Successfully
13:01:46.200 [main] INFO  com.testCases.BaseClass - Email Entered
13:01:47.378 [main] INFO  com.testCases.BaseClass - Password Entered
13:01:52.537 [main] INFO  com.testCases.BaseClass - Successfully Logged In with:sugusuriya347@gmail.com
13:01:53.844 [main] INFO  com.testCases.BaseClass - Logged Out Successfully
20:50:08.354 [main] INFO  com.testCases.BaseClass - URL Loaded Successfully
20:50:08.616 [main] INFO  com.testCases.BaseClass - Email Entered
20:50:08.816 [main] INFO  com.testCases.BaseClass - Password Entered
20:50:11.977 [main] INFO  com.testCases.BaseClass - Successfully Logged In with:sugusuriya347@gmail.com
20:50:13.421 [main] INFO  com.testCases.BaseClass - Logged Out Successfully
20:50:25.484 [main] INFO  com.testCases.BaseClass - URL Loaded Successfully
20:50:28.229 [main] INFO  com.testCases.BaseClass - Email Entered
20:50:28.487 [main] INFO  com.testCases.BaseClass - Password Entered
20:50:31.559 [main] INFO  com.testCases.BaseClass - Successfully Logged In with:sugusuriya347@gmail.com
20:50:32.796 [main] INFO  com.testCases.BaseClass - Logged Out Successfully
20:58:25.774 [main] INFO  com.testCases.BaseClass - URL Loaded Successfully
20:58:26.140 [main] INFO  com.testCases.BaseClass - Email Entered
20:58:26.358 [main] INFO  com.testCases.BaseClass - Password Entered
20:58:33.412 [main] INFO  com.testCases.BaseClass - Successfully Logged In with:sugusuriya347@gmail.com
20:58:34.664 [main] INFO  com.testCases.BaseClass - Logged Out Successfully
20:58:40.768 [main] INFO  com.testCases.BaseClass - URL Loaded Successfully
20:58:41.054 [main] INFO  com.testCases.BaseClass - Email Entered
20:58:41.273 [main] INFO  com.testCases.BaseClass - Password Entered
20:58:44.678 [main] INFO  com.testCases.BaseClass - Successfully Logged In with:sugusuriya347@gmail.com
21:22:16.651 [main] INFO  com.testCases.BaseClass - URL Loaded Successfully
21:22:16.929 [main] INFO  com.testCases.BaseClass - Email Entered
21:22:17.132 [main] INFO  com.testCases.BaseClass - Password Entered
21:22:19.325 [main] INFO  com.testCases.BaseClass - Successfully Logged In with:sugusuriya347@gmail.com
21:22:20.575 [main] INFO  com.testCases.BaseClass - Logged Out Successfully
21:22:26.444 [main] INFO  com.testCases.BaseClass - URL Loaded Successfully
21:22:26.681 [main] INFO  com.testCases.BaseClass - Email Entered
21:22:26.899 [main] INFO  com.testCases.BaseClass - Password Entered
21:22:30.136 [main] INFO  com.testCases.BaseClass - Successfully Logged In with:sugusuriya347@gmail.com
21:22:36.374 [main] INFO  com.testCases.BaseClass - Quatation Save SuccessFully
21:23:20.868 [main] INFO  com.testCases.BaseClass - URL Loaded Successfully
21:23:21.211 [main] INFO  com.testCases.BaseClass - Email Entered
21:23:21.403 [main] INFO  com.testCases.BaseClass - Password Entered
21:23:24.930 [main] INFO  com.testCases.BaseClass - Successfully Logged In with:sugusuriya347@gmail.com
21:23:26.398 [main] INFO  com.testCases.BaseClass - Logged Out Successfully
21:23:31.868 [main] INFO  com.testCases.BaseClass - URL Loaded Successfully
21:23:32.089 [main] INFO  com.testCases.BaseClass - Email Entered
21:23:32.363 [main] INFO  com.testCases.BaseClass - Password Entered
21:23:35.702 [main] INFO  com.testCases.BaseClass - Successfully Logged In with:sugusuriya347@gmail.com
21:23:40.935 [main] INFO  com.testCases.BaseClass - Quatation Save SuccessFully
11:39:26.670 [main] INFO  com.testCases.BaseClass - URL Loaded Successfully
11:39:27.269 [main] INFO  com.testCases.BaseClass - Email Entered
11:39:27.483 [main] INFO  com.testCases.BaseClass - Password Entered
11:39:29.775 [main] INFO  com.testCases.BaseClass - Successfully Logged In with:sugusuriya347@gmail.com
11:39:31.710 [main] INFO  com.testCases.BaseClass - Logged Out Successfully
11:39:44.618 [main] INFO  com.testCases.BaseClass - URL Loaded Successfully
11:39:45.002 [main] INFO  com.testCases.BaseClass - Email Entered
11:39:45.270 [main] INFO  com.testCases.BaseClass - Password Entered
11:39:47.695 [main] INFO  com.testCases.BaseClass - Successfully Logged In with:sugusuriya347@gmail.com
11:39:54.509 [main] INFO  com.testCases.BaseClass - Quatation Save SuccessFully
11:46:51.551 [main] INFO  com.testCases.BaseClass - URL Loaded Successfully
11:46:51.976 [main] INFO  com.testCases.BaseClass - Email Entered
11:46:52.191 [main] INFO  com.testCases.BaseClass - Password Entered
11:46:54.863 [main] INFO  com.testCases.BaseClass - Successfully Logged In with:sugusuriya347@gmail.com
11:46:56.293 [main] INFO  com.testCases.BaseClass - Logged Out Successfully
11:47:02.645 [main] INFO  com.testCases.BaseClass - URL Loaded Successfully
11:47:02.888 [main] INFO  com.testCases.BaseClass - Email Entered
11:47:03.110 [main] INFO  com.testCases.BaseClass - Password Entered
11:47:05.471 [main] INFO  com.testCases.BaseClass - Successfully Logged In with:sugusuriya347@gmail.com
11:47:11.556 [main] INFO  com.testCases.BaseClass - Quatation Save SuccessFully
11:49:06.549 [main] INFO  com.testCases.BaseClass - URL Loaded Successfully
11:49:07.011 [main] INFO  com.testCases.BaseClass - Email Entered
11:49:07.213 [main] INFO  com.testCases.BaseClass - Password Entered
11:49:09.154 [main] INFO  com.testCases.BaseClass - Successfully Logged In with:sugusuriya347@gmail.com
11:49:10.681 [main] INFO  com.testCases.BaseClass - Logged Out Successfully
11:49:16.794 [main] INFO  com.testCases.BaseClass - URL Loaded Successfully
11:49:17.027 [main] INFO  com.testCases.BaseClass - Email Entered
11:49:17.247 [main] INFO  com.testCases.BaseClass - Password Entered
11:49:24.209 [main] INFO  com.testCases.BaseClass - Successfully Logged In with:sugusuriya347@gmail.com
11:49:29.301 [main] INFO  com.testCases.BaseClass - Quatation Save SuccessFully
11:56:07.562 [main] INFO  com.testCases.BaseClass - URL Loaded Successfully
11:56:07.860 [main] INFO  com.testCases.BaseClass - Email Entered
11:56:08.098 [main] INFO  com.testCases.BaseClass - Password Entered
11:56:10.528 [main] INFO  com.testCases.BaseClass - Successfully Logged In with:sugusuriya347@gmail.com
11:56:11.775 [main] INFO  com.testCases.BaseClass - Logged Out Successfully
11:56:17.182 [main] INFO  com.testCases.BaseClass - URL Loaded Successfully
11:56:17.466 [main] INFO  com.testCases.BaseClass - Email Entered
11:56:17.673 [main] INFO  com.testCases.BaseClass - Password Entered
11:56:21.030 [main] INFO  com.testCases.BaseClass - Successfully Logged In with:sugusuriya347@gmail.com
11:56:26.075 [main] INFO  com.testCases.BaseClass - Quatation Save SuccessFully
11:57:56.748 [main] INFO  com.testCases.BaseClass - URL Loaded Successfully
11:57:57.482 [main] INFO  com.testCases.BaseClass - Email Entered
11:57:57.713 [main] INFO  com.testCases.BaseClass - Password Entered
11:58:00.524 [main] INFO  com.testCases.BaseClass - Successfully Logged In with:sugusuriya347@gmail.com
11:58:01.870 [main] INFO  com.testCases.BaseClass - Logged Out Successfully
11:58:08.172 [main] INFO  com.testCases.BaseClass - URL Loaded Successfully
11:58:08.409 [main] INFO  com.testCases.BaseClass - Email Entered
11:58:08.627 [main] INFO  com.testCases.BaseClass - Password Entered
11:58:11.907 [main] INFO  com.testCases.BaseClass - Successfully Logged In with:sugusuriya347@gmail.com
11:58:47.897 [main] INFO  com.testCases.BaseClass - URL Loaded Successfully
11:58:48.353 [main] INFO  com.testCases.BaseClass - Email Entered
11:58:48.586 [main] INFO  com.testCases.BaseClass - Password Entered
11:58:51.893 [main] INFO  com.testCases.BaseClass - Successfully Logged In with:sugusuriya347@gmail.com
11:58:53.162 [main] INFO  com.testCases.BaseClass - Logged Out Successfully
11:59:00.380 [main] INFO  com.testCases.BaseClass - URL Loaded Successfully
11:59:00.627 [main] INFO  com.testCases.BaseClass - Email Entered
11:59:00.815 [main] INFO  com.testCases.BaseClass - Password Entered
11:59:03.351 [main] INFO  com.testCases.BaseClass - Successfully Logged In with:sugusuriya347@gmail.com
11:59:09.472 [main] INFO  com.testCases.BaseClass - Quatation Save SuccessFully
13:46:28.879 [main] INFO  com.testCases.BaseClass - URL Loaded Successfully
13:46:29.226 [main] INFO  com.testCases.BaseClass - Email Entered
13:46:29.467 [main] INFO  com.testCases.BaseClass - Password Entered
13:46:32.082 [main] INFO  com.testCases.BaseClass - Successfully Logged In with:sugusuriya347@gmail.com
13:46:34.111 [main] INFO  com.testCases.BaseClass - Logged Out Successfully
13:46:40.531 [main] INFO  com.testCases.BaseClass - URL Loaded Successfully
13:46:40.731 [main] INFO  com.testCases.BaseClass - Email Entered
13:46:40.933 [main] INFO  com.testCases.BaseClass - Password Entered
13:46:44.115 [main] INFO  com.testCases.BaseClass - Successfully Logged In with:sugusuriya347@gmail.com
13:47:34.305 [main] INFO  com.testCases.BaseClass - URL Loaded Successfully
13:47:34.746 [main] INFO  com.testCases.BaseClass - Email Entered
13:47:34.959 [main] INFO  com.testCases.BaseClass - Password Entered
13:47:40.701 [main] INFO  com.testCases.BaseClass - Successfully Logged In with:sugusuriya347@gmail.com
13:47:42.073 [main] INFO  com.testCases.BaseClass - Logged Out Successfully
13:47:48.270 [main] INFO  com.testCases.BaseClass - URL Loaded Successfully
13:47:48.485 [main] INFO  com.testCases.BaseClass - Email Entered
13:47:48.700 [main] INFO  com.testCases.BaseClass - Password Entered
13:47:51.741 [main] INFO  com.testCases.BaseClass - Successfully Logged In with:sugusuriya347@gmail.com
13:47:56.819 [main] INFO  com.testCases.BaseClass - Quatation Save SuccessFully
13:52:35.103 [main] INFO  com.testCases.BaseClass - URL Loaded Successfully
13:52:35.382 [main] INFO  com.testCases.BaseClass - Email Entered
13:52:35.588 [main] INFO  com.testCases.BaseClass - Password Entered
13:52:39.313 [main] INFO  com.testCases.BaseClass - Successfully Logged In with:sugusuriya347@gmail.com
13:52:40.522 [main] INFO  com.testCases.BaseClass - Logged Out Successfully
13:52:47.138 [main] INFO  com.testCases.BaseClass - URL Loaded Successfully
13:52:47.374 [main] INFO  com.testCases.BaseClass - Email Entered
13:52:47.571 [main] INFO  com.testCases.BaseClass - Password Entered
13:52:51.449 [main] INFO  com.testCases.BaseClass - Successfully Logged In with:sugusuriya347@gmail.com
13:52:56.535 [main] INFO  com.testCases.BaseClass - Quatation Save SuccessFully
13:57:10.564 [main] INFO  com.testCases.BaseClass - URL Loaded Successfully
13:57:10.867 [main] INFO  com.testCases.BaseClass - Email Entered
13:57:11.072 [main] INFO  com.testCases.BaseClass - Password Entered
13:57:14.610 [main] INFO  com.testCases.BaseClass - Successfully Logged In with:sugusuriya347@gmail.com
13:57:16.033 [main] INFO  com.testCases.BaseClass - Logged Out Successfully
13:57:24.004 [main] INFO  com.testCases.BaseClass - URL Loaded Successfully
13:57:24.238 [main] INFO  com.testCases.BaseClass - Email Entered
13:57:24.446 [main] INFO  com.testCases.BaseClass - Password Entered
13:57:32.853 [main] INFO  com.testCases.BaseClass - Successfully Logged In with:sugusuriya347@gmail.com
13:57:37.959 [main] INFO  com.testCases.BaseClass - Quatation Save SuccessFully
13:58:25.044 [main] INFO  com.testCases.BaseClass - URL Loaded Successfully
13:58:25.325 [main] INFO  com.testCases.BaseClass - Email Entered
13:58:25.518 [main] INFO  com.testCases.BaseClass - Password Entered
13:58:28.083 [main] INFO  com.testCases.BaseClass - Successfully Logged In with:sugusuriya347@gmail.com
13:58:29.666 [main] INFO  com.testCases.BaseClass - Logged Out Successfully
13:58:35.699 [main] INFO  com.testCases.BaseClass - URL Loaded Successfully
13:58:36.106 [main] INFO  com.testCases.BaseClass - Email Entered
13:58:36.336 [main] INFO  com.testCases.BaseClass - Password Entered
13:58:40.036 [main] INFO  com.testCases.BaseClass - Successfully Logged In with:sugusuriya347@gmail.com
13:58:46.109 [main] INFO  com.testCases.BaseClass - Quatation Save SuccessFully
13:58:46.176 [main] INFO  com.testCases.BaseClass - 42752
14:11:59.479 [main] INFO  com.testCases.BaseClass - URL Loaded Successfully
14:11:59.763 [main] INFO  com.testCases.BaseClass - Email Entered
14:11:59.997 [main] INFO  com.testCases.BaseClass - Password Entered
14:12:03.202 [main] INFO  com.testCases.BaseClass - Successfully Logged In with:sugusuriya347@gmail.com
14:12:04.856 [main] INFO  com.testCases.BaseClass - Logged Out Successfully
14:12:11.389 [main] INFO  com.testCases.BaseClass - URL Loaded Successfully
14:12:11.655 [main] INFO  com.testCases.BaseClass - Email Entered
14:12:11.858 [main] INFO  com.testCases.BaseClass - Password Entered
14:12:14.155 [main] INFO  com.testCases.BaseClass - Successfully Logged In with:sugusuriya347@gmail.com
14:12:19.975 [main] INFO  com.testCases.BaseClass - Quatation Save SuccessFully
14:12:20.031 [main] INFO  com.testCases.BaseClass - 42753
20:29:21.021 [main] INFO  com.testCases.BaseClass - URL Loaded Successfully
20:29:21.421 [main] INFO  com.testCases.BaseClass - Email Entered
20:29:21.653 [main] INFO  com.testCases.BaseClass - Password Entered
20:29:24.027 [main] INFO  com.testCases.BaseClass - Successfully Logged In with:sugusuriya347@gmail.com
20:29:25.237 [main] INFO  com.testCases.BaseClass - Logged Out Successfully
20:29:31.259 [main] INFO  com.testCases.BaseClass - URL Loaded Successfully
20:29:31.517 [main] INFO  com.testCases.BaseClass - Email Entered
20:29:31.722 [main] INFO  com.testCases.BaseClass - Password Entered
20:29:34.911 [main] INFO  com.testCases.BaseClass - Successfully Logged In with:sugusuriya347@gmail.com
20:29:40.862 [main] INFO  com.testCases.BaseClass - Quatation Save SuccessFully
20:29:40.923 [main] INFO  com.testCases.BaseClass - 42765
20:49:10.548 [main] INFO  com.testCases.BaseClass - URL Loaded Successfully
20:49:10.840 [main] INFO  com.testCases.BaseClass - Email Entered
20:49:11.038 [main] INFO  com.testCases.BaseClass - Password Entered
20:49:13.372 [main] INFO  com.testCases.BaseClass - Successfully Logged In with:sugusuriya347@gmail.com
20:49:14.673 [main] INFO  com.testCases.BaseClass - Logged Out Successfully
20:49:20.220 [main] INFO  com.testCases.BaseClass - URL Loaded Successfully
20:49:20.474 [main] INFO  com.testCases.BaseClass - Email Entered
20:49:20.699 [main] INFO  com.testCases.BaseClass - Password Entered
20:49:23.570 [main] INFO  com.testCases.BaseClass - Successfully Logged In with:sugusuriya347@gmail.com
20:49:28.535 [main] INFO  com.testCases.BaseClass - Quatation Saved SuccessFully
20:49:28.589 [main] INFO  com.testCases.BaseClass - 42766
20:49:34.453 [main] INFO  com.testCases.BaseClass - URL Loaded Successfully
20:49:34.691 [main] INFO  com.testCases.BaseClass - Email Entered
20:49:34.890 [main] INFO  com.testCases.BaseClass - Password Entered
20:49:38.107 [main] INFO  com.testCases.BaseClass - Successfully Logged In with:sugusuriya347@gmail.com
20:58:03.782 [main] INFO  com.testCases.BaseClass - URL Loaded Successfully
20:58:04.363 [main] INFO  com.testCases.BaseClass - Email Entered
20:58:04.666 [main] INFO  com.testCases.BaseClass - Password Entered
20:58:07.149 [main] INFO  com.testCases.BaseClass - Successfully Logged In with:sugusuriya347@gmail.com
20:58:08.337 [main] INFO  com.testCases.BaseClass - Logged Out Successfully
20:58:14.204 [main] INFO  com.testCases.BaseClass - URL Loaded Successfully
20:58:14.422 [main] INFO  com.testCases.BaseClass - Email Entered
20:58:14.621 [main] INFO  com.testCases.BaseClass - Password Entered
20:58:17.762 [main] INFO  com.testCases.BaseClass - Successfully Logged In with:sugusuriya347@gmail.com
20:58:22.882 [main] INFO  com.testCases.BaseClass - Quatation Saved SuccessFully
20:58:22.955 [main] INFO  com.testCases.BaseClass - 42767
20:58:28.522 [main] INFO  com.testCases.BaseClass - URL Loaded Successfully
20:58:28.768 [main] INFO  com.testCases.BaseClass - Email Entered
20:58:29.152 [main] INFO  com.testCases.BaseClass - Password Entered
20:58:32.304 [main] INFO  com.testCases.BaseClass - Successfully Logged In with:sugusuriya347@gmail.com
21:06:48.662 [main] INFO  com.testCases.BaseClass - URL Loaded Successfully
21:06:48.967 [main] INFO  com.testCases.BaseClass - Email Entered
21:06:49.188 [main] INFO  com.testCases.BaseClass - Password Entered
21:06:51.718 [main] INFO  com.testCases.BaseClass - Successfully Logged In with:sugusuriya347@gmail.com
21:06:52.934 [main] INFO  com.testCases.BaseClass - Logged Out Successfully
21:06:58.301 [main] INFO  com.testCases.BaseClass - URL Loaded Successfully
21:06:58.536 [main] INFO  com.testCases.BaseClass - Email Entered
21:06:58.737 [main] INFO  com.testCases.BaseClass - Password Entered
21:07:00.730 [main] INFO  com.testCases.BaseClass - Successfully Logged In with:sugusuriya347@gmail.com
21:07:05.795 [main] INFO  com.testCases.BaseClass - Quatation Saved SuccessFully
21:07:05.848 [main] INFO  com.testCases.BaseClass - 42768
21:07:10.975 [main] INFO  com.testCases.BaseClass - URL Loaded Successfully
21:07:11.218 [main] INFO  com.testCases.BaseClass - Email Entered
21:07:11.435 [main] INFO  com.testCases.BaseClass - Password Entered
21:07:13.410 [main] INFO  com.testCases.BaseClass - Successfully Logged In with:sugusuriya347@gmail.com
21:07:13.606 [main] INFO  com.testCases.BaseClass - Retreive Quatation Tab Clicked
21:07:13.793 [main] INFO  com.testCases.BaseClass - Identity Number Loaded
21:07:14.637 [main] INFO  com.testCases.BaseClass - Retreive Button Clicked
21:07:16.974 [main] INFO  com.testCases.BaseClass - Screenshot Tooked for Quauation Details
21:07:55.885 [main] INFO  com.testCases.BaseClass - URL Loaded Successfully
21:07:56.190 [main] INFO  com.testCases.BaseClass - Email Entered
21:07:56.389 [main] INFO  com.testCases.BaseClass - Password Entered
21:07:59.306 [main] INFO  com.testCases.BaseClass - Successfully Logged In with:sugusuriya347@gmail.com
21:08:00.608 [main] INFO  com.testCases.BaseClass - Logged Out Successfully
21:08:25.061 [main] INFO  com.testCases.BaseClass - URL Loaded Successfully
21:08:25.466 [main] INFO  com.testCases.BaseClass - Email Entered
21:08:25.674 [main] INFO  com.testCases.BaseClass - Password Entered
21:08:28.815 [main] INFO  com.testCases.BaseClass - Successfully Logged In with:sugusuriya347@gmail.com
21:08:30.018 [main] INFO  com.testCases.BaseClass - Logged Out Successfully
21:08:35.446 [main] INFO  com.testCases.BaseClass - URL Loaded Successfully
21:08:35.667 [main] INFO  com.testCases.BaseClass - Email Entered
21:08:35.876 [main] INFO  com.testCases.BaseClass - Password Entered
21:08:38.104 [main] INFO  com.testCases.BaseClass - Successfully Logged In with:sugusuriya347@gmail.com
21:08:43.012 [main] INFO  com.testCases.BaseClass - Quatation Saved SuccessFully
21:08:43.069 [main] INFO  com.testCases.BaseClass - 42769
21:08:49.846 [main] INFO  com.testCases.BaseClass - URL Loaded Successfully
21:08:50.077 [main] INFO  com.testCases.BaseClass - Email Entered
21:08:50.275 [main] INFO  com.testCases.BaseClass - Password Entered
21:08:52.681 [main] INFO  com.testCases.BaseClass - Successfully Logged In with:sugusuriya347@gmail.com
21:08:52.879 [main] INFO  com.testCases.BaseClass - Retreive Quatation Tab Clicked
21:08:53.060 [main] INFO  com.testCases.BaseClass - Identity Number Loaded
21:08:54.148 [main] INFO  com.testCases.BaseClass - Retreive Button Clicked
21:08:56.351 [main] INFO  com.testCases.BaseClass - Screenshot Tooked for Quauation Details
22:24:02.792 [main] INFO  com.testCases.BaseClass - URL Loaded Successfully
22:24:03.164 [main] INFO  com.testCases.BaseClass - Email Entered
22:24:03.377 [main] INFO  com.testCases.BaseClass - Password Entered
22:24:06.107 [main] INFO  com.testCases.BaseClass - Successfully Logged In with:sugusuriya347@gmail.com
22:24:07.541 [main] INFO  com.testCases.BaseClass - Logged Out Successfully
22:24:14.197 [main] INFO  com.testCases.BaseClass - URL Loaded Successfully
22:24:14.460 [main] INFO  com.testCases.BaseClass - Email Entered
22:24:14.685 [main] INFO  com.testCases.BaseClass - Password Entered
22:24:17.394 [main] INFO  com.testCases.BaseClass - Successfully Logged In with:sugusuriya347@gmail.com
22:24:23.341 [main] INFO  com.testCases.BaseClass - Quatation Saved SuccessFully
22:24:23.446 [main] INFO  com.testCases.BaseClass - 42770
22:24:31.941 [main] INFO  com.testCases.BaseClass - URL Loaded Successfully
22:24:32.397 [main] INFO  com.testCases.BaseClass - Email Entered
22:24:32.835 [main] INFO  com.testCases.BaseClass - Password Entered
22:24:35.564 [main] INFO  com.testCases.BaseClass - Successfully Logged In with:sugusuriya347@gmail.com
22:24:35.981 [main] INFO  com.testCases.BaseClass - Retreive Quatation Tab Clicked
22:24:36.261 [main] INFO  com.testCases.BaseClass - Identity Number Loaded
22:24:37.362 [main] INFO  com.testCases.BaseClass - Retreive Button Clicked
22:24:39.611 [main] INFO  com.testCases.BaseClass - Screenshot Tooked for Quauation Details
22:26:22.370 [main] INFO  com.testCases.BaseClass - URL Loaded Successfully
22:26:22.698 [main] INFO  com.testCases.BaseClass - Email Entered
22:26:22.921 [main] INFO  com.testCases.BaseClass - Password Entered
22:26:26.715 [main] INFO  com.testCases.BaseClass - Successfully Logged In with:sugusuriya347@gmail.com
22:26:27.943 [main] INFO  com.testCases.BaseClass - Logged Out Successfully
22:26:33.102 [main] INFO  com.testCases.BaseClass - URL Loaded Successfully
22:26:33.336 [main] INFO  com.testCases.BaseClass - Email Entered
22:26:33.551 [main] INFO  com.testCases.BaseClass - Password Entered
22:26:36.869 [main] INFO  com.testCases.BaseClass - Successfully Logged In with:sugusuriya347@gmail.com
22:26:42.004 [main] INFO  com.testCases.BaseClass - Quatation Saved SuccessFully
22:26:42.083 [main] INFO  com.testCases.BaseClass - 42771
22:26:47.301 [main] INFO  com.testCases.BaseClass - URL Loaded Successfully
22:26:47.710 [main] INFO  com.testCases.BaseClass - Email Entered
22:26:47.942 [main] INFO  com.testCases.BaseClass - Password Entered
22:26:51.263 [main] INFO  com.testCases.BaseClass - Successfully Logged In with:sugusuriya347@gmail.com
22:26:51.460 [main] INFO  com.testCases.BaseClass - Retreive Quatation Tab Clicked
22:26:51.628 [main] INFO  com.testCases.BaseClass - Identity Number Loaded
22:26:52.494 [main] INFO  com.testCases.BaseClass - Retreive Button Clicked
22:26:54.832 [main] INFO  com.testCases.BaseClass - Screenshot Tooked for Quauation Details
22:40:53.198 [main] INFO  com.testCases.BaseClass - URL Loaded Successfully
22:40:53.636 [main] INFO  com.testCases.BaseClass - Email Entered
22:40:53.844 [main] INFO  com.testCases.BaseClass - Password Entered
22:40:56.038 [main] INFO  com.testCases.BaseClass - Successfully Logged In with:sugusuriya347@gmail.com
22:40:57.884 [main] INFO  com.testCases.BaseClass - Logged Out Successfully
22:41:04.842 [main] INFO  com.testCases.BaseClass - URL Loaded Successfully
22:41:05.075 [main] INFO  com.testCases.BaseClass - Email Entered
22:41:05.302 [main] INFO  com.testCases.BaseClass - Password Entered
22:41:08.439 [main] INFO  com.testCases.BaseClass - Successfully Logged In with:sugusuriya347@gmail.com
22:41:14.342 [main] INFO  com.testCases.BaseClass - Quatation Saved SuccessFully
22:41:14.406 [main] INFO  com.testCases.BaseClass - 42772
22:41:19.895 [main] INFO  com.testCases.BaseClass - URL Loaded Successfully
22:41:20.139 [main] INFO  com.testCases.BaseClass - Email Entered
22:41:20.375 [main] INFO  com.testCases.BaseClass - Password Entered
22:41:23.104 [main] INFO  com.testCases.BaseClass - Successfully Logged In with:sugusuriya347@gmail.com
22:41:23.346 [main] INFO  com.testCases.BaseClass - Retreive Quatation Tab Clicked
22:41:23.543 [main] INFO  com.testCases.BaseClass - Identity Number Loaded
22:41:24.479 [main] INFO  com.testCases.BaseClass - Retreive Button Clicked
22:41:26.740 [main] INFO  com.testCases.BaseClass - Screenshot Tooked for Quauation Details
